<?xml version="1.0" encoding="UTF-8"?>
<!-- Generated by org.testng.reporters.JUnitReportReporter -->
<testsuite skipped="0" hostname="DESKTOP-0QOI7MR" name="Tests.TestBase" tests="1" failures="0" timestamp="22 ماي 2020 22:23:52 GMT" time="8.068" errors="1">
  <testcase name="OpenURL" time="8.068" classname="Tests.TestBase">
    <error type="org.openqa.selenium.SessionNotCreatedException" message="session not created: This version of ChromeDriver only supports Chrome version 81
Build info: version: &#039;3.141.59&#039;, revision: &#039;e82be7d358&#039;, time: &#039;2018-11-14T08:17:03&#039;
System info: host: &#039;DESKTOP-0QOI7MR&#039;, ip: &#039;192.168.43.36&#039;, os.name: &#039;Windows 10&#039;, os.arch: &#039;amd64&#039;, os.version: &#039;10.0&#039;, java.version: &#039;1.8.0_241&#039;
Driver info: driver.version: ChromeDriver
remote stacktrace: Backtrace:
	Ordinal0 [0x00EA5E93+2449043]
	Ordinal0 [0x00DD8281+1606273]
	Ordinal0 [0x00CCF889+522377]
	Ordinal0 [0x00C605F3+67059]
	Ordinal0 [0x00C5CD92+52626]
	Ordinal0 [0x00C7C127+180519]
	Ordinal0 [0x00C7BF2D+180013]
	Ordinal0 [0x00C79E5B+171611]
	Ordinal0 [0x00C61DD8+73176]
	Ordinal0 [0x00C62E50+77392]
	Ordinal0 [0x00C62DE9+77289]
	Ordinal0 [0x00DED7F7+1693687]
	GetHandleVerifier [0x00F44576+522742]
	GetHandleVerifier [0x00F442B4+522036]
	GetHandleVerifier [0x00F59587+608775]
	GetHandleVerifier [0x00F44DE6+524902]
	Ordinal0 [0x00DE5BDC+1661916]
	Ordinal0 [0x00DEF15B+1700187]
	Ordinal0 [0x00DEF2C3+1700547]
	Ordinal0 [0x00E05135+1790261]
	BaseThreadInitThunk [0x76C33744+36]
	RtlSetCurrentTransaction [0x77549E54+212]
	RtlSetCurrentTransaction [0x77549E1F+159]
">
      <![CDATA[org.openqa.selenium.SessionNotCreatedException: session not created: This version of ChromeDriver only supports Chrome version 81
Build info: version: '3.141.59', revision: 'e82be7d358', time: '2018-11-14T08:17:03'
System info: host: 'DESKTOP-0QOI7MR', ip: '192.168.43.36', os.name: 'Windows 10', os.arch: 'amd64', os.version: '10.0', java.version: '1.8.0_241'
Driver info: driver.version: ChromeDriver
remote stacktrace: Backtrace:
Ordinal0 [0x00EA5E93+2449043]
Ordinal0 [0x00DD8281+1606273]
Ordinal0 [0x00CCF889+522377]
Ordinal0 [0x00C605F3+67059]
Ordinal0 [0x00C5CD92+52626]
Ordinal0 [0x00C7C127+180519]
Ordinal0 [0x00C7BF2D+180013]
Ordinal0 [0x00C79E5B+171611]
Ordinal0 [0x00C61DD8+73176]
Ordinal0 [0x00C62E50+77392]
Ordinal0 [0x00C62DE9+77289]
Ordinal0 [0x00DED7F7+1693687]
GetHandleVerifier [0x00F44576+522742]
GetHandleVerifier [0x00F442B4+522036]
GetHandleVerifier [0x00F59587+608775]
GetHandleVerifier [0x00F44DE6+524902]
Ordinal0 [0x00DE5BDC+1661916]
Ordinal0 [0x00DEF15B+1700187]
Ordinal0 [0x00DEF2C3+1700547]
Ordinal0 [0x00E05135+1790261]
BaseThreadInitThunk [0x76C33744+36]
RtlSetCurrentTransaction [0x77549E54+212]
RtlSetCurrentTransaction [0x77549E1F+159]

at sun.reflect.NativeConstructorAccessorImpl.newInstance0(Native Method)
at sun.reflect.NativeConstructorAccessorImpl.newInstance(Unknown Source)
at sun.reflect.DelegatingConstructorAccessorImpl.newInstance(Unknown Source)
at java.lang.reflect.Constructor.newInstance(Unknown Source)
at org.openqa.selenium.remote.W3CHandshakeResponse.lambda$errorHandler$0(W3CHandshakeResponse.java:62)
at org.openqa.selenium.remote.HandshakeResponse.lambda$getResponseFunction$0(HandshakeResponse.java:30)
at org.openqa.selenium.remote.ProtocolHandshake.lambda$createSession$0(ProtocolHandshake.java:126)
at java.util.stream.ReferencePipeline$3$1.accept(Unknown Source)
at java.util.Spliterators$ArraySpliterator.tryAdvance(Unknown Source)
at java.util.stream.ReferencePipeline.forEachWithCancel(Unknown Source)
at java.util.stream.AbstractPipeline.copyIntoWithCancel(Unknown Source)
at java.util.stream.AbstractPipeline.copyInto(Unknown Source)
at java.util.stream.AbstractPipeline.wrapAndCopyInto(Unknown Source)
at java.util.stream.FindOps$FindOp.evaluateSequential(Unknown Source)
at java.util.stream.AbstractPipeline.evaluate(Unknown Source)
at java.util.stream.ReferencePipeline.findFirst(Unknown Source)
at org.openqa.selenium.remote.ProtocolHandshake.createSession(ProtocolHandshake.java:128)
at org.openqa.selenium.remote.ProtocolHandshake.createSession(ProtocolHandshake.java:74)
at org.openqa.selenium.remote.HttpCommandExecutor.execute(HttpCommandExecutor.java:136)
at org.openqa.selenium.remote.service.DriverCommandExecutor.execute(DriverCommandExecutor.java:83)
at org.openqa.selenium.remote.RemoteWebDriver.execute(RemoteWebDriver.java:552)
at org.openqa.selenium.remote.RemoteWebDriver.startSession(RemoteWebDriver.java:213)
at org.openqa.selenium.remote.RemoteWebDriver.<init>(RemoteWebDriver.java:131)
at org.openqa.selenium.chrome.ChromeDriver.<init>(ChromeDriver.java:181)
at org.openqa.selenium.chrome.ChromeDriver.<init>(ChromeDriver.java:168)
at org.openqa.selenium.chrome.ChromeDriver.<init>(ChromeDriver.java:123)
at Tests.TestBase.OpenURL(TestBase.java:14)
at sun.reflect.NativeMethodAccessorImpl.invoke0(Native Method)
at sun.reflect.NativeMethodAccessorImpl.invoke(Unknown Source)
at sun.reflect.DelegatingMethodAccessorImpl.invoke(Unknown Source)
at java.lang.reflect.Method.invoke(Unknown Source)
at org.testng.internal.MethodInvocationHelper.invokeMethod(MethodInvocationHelper.java:124)
at org.testng.internal.MethodInvocationHelper.invokeMethodConsideringTimeout(MethodInvocationHelper.java:59)
at org.testng.internal.Invoker.invokeConfigurationMethod(Invoker.java:458)
at org.testng.internal.Invoker.invokeConfigurations(Invoker.java:222)
at org.testng.internal.Invoker.invokeConfigurations(Invoker.java:142)
at org.testng.SuiteRunner.privateRun(SuiteRunner.java:401)
at org.testng.SuiteRunner.run(SuiteRunner.java:364)
at org.testng.SuiteRunnerWorker.runSuite(SuiteRunnerWorker.java:52)
at org.testng.SuiteRunnerWorker.run(SuiteRunnerWorker.java:84)
at org.testng.TestNG.runSuitesSequentially(TestNG.java:1208)
at org.testng.TestNG.runSuitesLocally(TestNG.java:1137)
at org.testng.TestNG.runSuites(TestNG.java:1049)
at org.testng.TestNG.run(TestNG.java:1017)
at org.testng.remote.AbstractRemoteTestNG.run(AbstractRemoteTestNG.java:114)
at org.testng.remote.RemoteTestNG.initAndRun(RemoteTestNG.java:251)
at org.testng.remote.RemoteTestNG.main(RemoteTestNG.java:77)
]]>
    </error>
  </testcase> <!-- OpenURL -->
</testsuite> <!-- Tests.TestBase -->
